This is pdfTeX, Version 3.14159265-2.6-1.40.20 (TeX Live 2019/Debian) (preloaded format=pdflatex 2024.3.17)  17 MAR 2024 12:53
entering extended mode
 \write18 enabled.
 %&-line parsing enabled.
**kactl.tex
(./kactl.tex
LaTeX2e <2020-02-02> patch level 2
L3 programming layer <2020-02-14> (/usr/share/texlive/texmf-dist/tex/latex/base/report.cls
Document Class: report 2019/12/20 v1.4l Standard LaTeX document class
(/usr/share/texlive/texmf-dist/tex/latex/base/size10.clo
File: size10.clo 2019/12/20 v1.4l Standard LaTeX file (size option)
)
\c@part=\count167
\c@chapter=\count168
\c@section=\count169
\c@subsection=\count170
\c@subsubsection=\count171
\c@paragraph=\count172
\c@subparagraph=\count173
\c@figure=\count174
\c@table=\count175
\abovecaptionskip=\skip47
\belowcaptionskip=\skip48
\bibindent=\dimen134
) (./kactlpkg.sty
Package: kactlpkg 
 (/usr/share/texlive/texmf-dist/tex/latex/base/inputenc.sty
Package: inputenc 2018/08/11 v1.3c Input encoding file
\inpenc@prehook=\toks14
\inpenc@posthook=\toks15
) (/usr/share/texlive/texmf-dist/tex/latex/listings/listings.sty (/usr/share/texlive/texmf-dist/tex/latex/graphics/keyval.sty
Package: keyval 2014/10/28 v1.15 key=value parser (DPC)
\KV@toks@=\toks16
)
\lst@mode=\count176
\lst@gtempboxa=\box45
\lst@token=\toks17
\lst@length=\count177
\lst@currlwidth=\dimen135
\lst@column=\count178
\lst@pos=\count179
\lst@lostspace=\dimen136
\lst@width=\dimen137
\lst@newlines=\count180
\lst@lineno=\count181
\lst@maxwidth=\dimen138
 (/usr/share/texlive/texmf-dist/tex/latex/listings/lstmisc.sty
File: lstmisc.sty 2019/09/10 1.8c (Carsten Heinz)
\c@lstnumber=\count182
\lst@skipnumbers=\count183
\lst@framebox=\box46
) (/usr/share/texlive/texmf-dist/tex/latex/listings/listings.cfg
File: listings.cfg 2019/09/10 1.8c listings configuration
))
Package: listings 2019/09/10 1.8c (Carsten Heinz)
 (/usr/share/texlive/texmf-dist/tex/latex/framed/framed.sty
Package: framed 2011/10/22 v 0.96: framed or shaded text with page breaks
\OuterFrameSep=\skip49
\fb@frw=\dimen139
\fb@frh=\dimen140
\FrameRule=\dimen141
\FrameSep=\dimen142
) (/usr/share/texlive/texmf-dist/tex/latex/geometry/geometry.sty
Package: geometry 2020/01/02 v5.9 Page Geometry
 (/usr/share/texlive/texmf-dist/tex/generic/iftex/ifvtex.sty
Package: ifvtex 2019/10/25 v1.7 ifvtex legacy package. Use iftex instead.
 (/usr/share/texlive/texmf-dist/tex/generic/iftex/iftex.sty
Package: iftex 2019/11/07 v1.0c TeX engine tests
))
\Gm@cnth=\count184
\Gm@cntv=\count185
\c@Gm@tempcnt=\count186
\Gm@bindingoffset=\dimen143
\Gm@wd@mp=\dimen144
\Gm@odd@mp=\dimen145
\Gm@even@mp=\dimen146
\Gm@layoutwidth=\dimen147
\Gm@layoutheight=\dimen148
\Gm@layouthoffset=\dimen149
\Gm@layoutvoffset=\dimen150
\Gm@dimlist=\toks18
) (/usr/share/texlive/texmf-dist/tex/latex/tools/multicol.sty
Package: multicol 2019/12/09 v1.8y multicolumn formatting (FMi)
\c@tracingmulticols=\count187
\mult@box=\box47
\multicol@leftmargin=\dimen151
\c@unbalance=\count188
\c@collectmore=\count189
\doublecol@number=\count190
\multicoltolerance=\count191
\multicolpretolerance=\count192
\full@width=\dimen152
\page@free=\dimen153
\premulticols=\dimen154
\postmulticols=\dimen155
\multicolsep=\skip50
\multicolbaselineskip=\skip51
\partial@page=\box48
\last@line=\box49
\maxbalancingoverflow=\dimen156
\mult@rightbox=\box50
\mult@grightbox=\box51
\mult@gfirstbox=\box52
\mult@firstbox=\box53
\@tempa=\box54
\@tempa=\box55
\@tempa=\box56
\@tempa=\box57
\@tempa=\box58
\@tempa=\box59
\@tempa=\box60
\@tempa=\box61
\@tempa=\box62
\@tempa=\box63
\@tempa=\box64
\@tempa=\box65
\@tempa=\box66
\@tempa=\box67
\@tempa=\box68
\@tempa=\box69
\@tempa=\box70
\@tempa=\box71
\@tempa=\box72
\@tempa=\box73
\@tempa=\box74
\@tempa=\box75
\@tempa=\box76
\@tempa=\box77
\@tempa=\box78
\@tempa=\box79
\@tempa=\box80
\@tempa=\box81
\@tempa=\box82
\@tempa=\box83
\@tempa=\box84
\@tempa=\box85
\@tempa=\box86
\@tempa=\box87
\@tempa=\box88
\@tempa=\box89
\@tempa=\box90
\c@minrows=\count193
\c@columnbadness=\count194
\c@finalcolumnbadness=\count195
\last@try=\dimen157
\multicolovershoot=\dimen158
\multicolundershoot=\dimen159
\mult@nat@firstbox=\box91
\colbreak@box=\box92
\mc@col@check@num=\count196
) (/usr/share/texlive/texmf-dist/tex/latex/fancyhdr/fancyhdr.sty
Package: fancyhdr 2019/01/31 v3.10 Extensive control of page headers and footers
\f@nch@headwidth=\skip52
\f@nch@O@elh=\skip53
\f@nch@O@erh=\skip54
\f@nch@O@olh=\skip55
\f@nch@O@orh=\skip56
\f@nch@O@elf=\skip57
\f@nch@O@erf=\skip58
\f@nch@O@olf=\skip59
\f@nch@O@orf=\skip60
) (/usr/share/texlive/texmf-dist/tex/latex/amsmath/amsbsy.sty
Package: amsbsy 1999/11/29 v1.2d Bold Symbols
 (/usr/share/texlive/texmf-dist/tex/latex/amsmath/amsgen.sty
File: amsgen.sty 1999/11/30 v2.0 generic functions
\@emptytoks=\toks19
\ex@=\dimen160
)
\pmbraise@=\dimen161
) (/usr/share/texlive/texmf-dist/tex/latex/amsfonts/amssymb.sty
Package: amssymb 2013/01/14 v3.01 AMS font symbols
 (/usr/share/texlive/texmf-dist/tex/latex/amsfonts/amsfonts.sty
Package: amsfonts 2013/01/14 v3.01 Basic AMSFonts support
\symAMSa=\mathgroup4
\symAMSb=\mathgroup5
LaTeX Font Info:    Redeclaring math symbol \hbar on input line 98.
LaTeX Font Info:    Overwriting math alphabet `\mathfrak' in version `bold'
(Font)                  U/euf/m/n --> U/euf/b/n on input line 106.
)) (/usr/share/texlive/texmf-dist/tex/latex/amsmath/amsmath.sty
Package: amsmath 2020/01/20 v2.17e AMS math features
\@mathmargin=\skip61

For additional information on amsmath, use the `?' option.
(/usr/share/texlive/texmf-dist/tex/latex/amsmath/amstext.sty
Package: amstext 2000/06/29 v2.01 AMS text
) (/usr/share/texlive/texmf-dist/tex/latex/amsmath/amsopn.sty
Package: amsopn 2016/03/08 v2.02 operator names
)
\inf@bad=\count197
LaTeX Info: Redefining \frac on input line 227.
\uproot@=\count198
\leftroot@=\count199
LaTeX Info: Redefining \overline on input line 389.
\classnum@=\count266
\DOTSCASE@=\count267
LaTeX Info: Redefining \ldots on input line 486.
LaTeX Info: Redefining \dots on input line 489.
LaTeX Info: Redefining \cdots on input line 610.
\Mathstrutbox@=\box93
\strutbox@=\box94
\big@size=\dimen162
LaTeX Font Info:    Redeclaring font encoding OML on input line 733.
LaTeX Font Info:    Redeclaring font encoding OMS on input line 734.
\macc@depth=\count268
\c@MaxMatrixCols=\count269
\dotsspace@=\muskip16
\c@parentequation=\count270
\dspbrk@lvl=\count271
\tag@help=\toks20
\row@=\count272
\column@=\count273
\maxfields@=\count274
\andhelp@=\toks21
\eqnshift@=\dimen163
\alignsep@=\dimen164
\tagshift@=\dimen165
\tagwidth@=\dimen166
\totwidth@=\dimen167
\lineht@=\dimen168
\@envbody=\toks22
\multlinegap=\skip62
\multlinetaggap=\skip63
\mathdisplay@stack=\toks23
LaTeX Info: Redefining \[ on input line 2859.
LaTeX Info: Redefining \] on input line 2860.
) (/usr/share/texlive/texmf-dist/tex/latex/tocloft/tocloft.sty
Package: tocloft 2017/08/31 v2.3i parameterised ToC, etc., typesetting
Package tocloft Info: The document has chapter divisions on input line 51.
\cftparskip=\skip64
\cftbeforetoctitleskip=\skip65
\cftaftertoctitleskip=\skip66
\cftbeforepartskip=\skip67
\cftpartnumwidth=\skip68
\cftpartindent=\skip69
\cftbeforechapskip=\skip70
\cftchapindent=\skip71
\cftchapnumwidth=\skip72
\cftbeforesecskip=\skip73
\cftsecindent=\skip74
\cftsecnumwidth=\skip75
\cftbeforesubsecskip=\skip76
\cftsubsecindent=\skip77
\cftsubsecnumwidth=\skip78
\cftbeforesubsubsecskip=\skip79
\cftsubsubsecindent=\skip80
\cftsubsubsecnumwidth=\skip81
\cftbeforeparaskip=\skip82
\cftparaindent=\skip83
\cftparanumwidth=\skip84
\cftbeforesubparaskip=\skip85
\cftsubparaindent=\skip86
\cftsubparanumwidth=\skip87
\cftbeforeloftitleskip=\skip88
\cftafterloftitleskip=\skip89
\cftbeforefigskip=\skip90
\cftfigindent=\skip91
\cftfignumwidth=\skip92
\c@lofdepth=\count275
\c@lotdepth=\count276
\cftbeforelottitleskip=\skip93
\cftafterlottitleskip=\skip94
\cftbeforetabskip=\skip95
\cfttabindent=\skip96
\cfttabnumwidth=\skip97
) (/usr/share/texlive/texmf-dist/tex/latex/titlesec/titletoc.sty
Package: titletoc 2019/10/16 v2.13 TOC entries
\ttl@leftsep=\dimen169
) (/usr/share/texlive/texmf-dist/tex/latex/base/ifthen.sty
Package: ifthen 2014/09/29 v1.1c Standard LaTeX ifthen package (DPC)
) (/usr/share/texlive/texmf-dist/tex/latex/psnfss/courier.sty
Package: courier 2005/04/12 PSNFSS-v9.2a (WaS) 
) (/usr/share/texlive/texmf-dist/tex/latex/graphics/graphicx.sty
Package: graphicx 2019/11/30 v1.2a Enhanced LaTeX Graphics (DPC,SPQR)
 (/usr/share/texlive/texmf-dist/tex/latex/graphics/graphics.sty
Package: graphics 2019/11/30 v1.4a Standard LaTeX Graphics (DPC,SPQR)
 (/usr/share/texlive/texmf-dist/tex/latex/graphics/trig.sty
Package: trig 2016/01/03 v1.10 sin cos tan (DPC)
) (/usr/share/texlive/texmf-dist/tex/latex/graphics-cfg/graphics.cfg
File: graphics.cfg 2016/06/04 v1.11 sample graphics configuration
)
Package graphics Info: Driver file: pdftex.def on input line 105.
 (/usr/share/texlive/texmf-dist/tex/latex/graphics-def/pdftex.def
File: pdftex.def 2018/01/08 v1.0l Graphics/color driver for pdftex
))
\Gin@req@height=\dimen170
\Gin@req@width=\dimen171
) (/usr/share/texlive/texmf-dist/tex/latex/base/fix-cm.sty
Package: fix-cm 2015/01/14 v1.1t fixes to LaTeX
 (/usr/share/texlive/texmf-dist/tex/latex/base/ts1enc.def
File: ts1enc.def 2001/06/05 v3.0e (jk/car/fm) Standard LaTeX file
LaTeX Font Info:    Redeclaring font encoding TS1 on input line 47.
)) (/usr/share/texlive/texmf-dist/tex/latex/paralist/paralist.sty
Package: paralist 2017/01/22 v2.7 Extended list environments
\pltopsep=\skip98
\plpartopsep=\skip99
\plitemsep=\skip100
\plparsep=\skip101
\pl@lab=\toks24
) (/usr/share/texlive/texmf-dist/tex/latex/enumitem/enumitem.sty
Package: enumitem 2019/06/20 v3.9 Customized lists
\labelindent=\skip102
\enit@outerparindent=\dimen172
\enit@toks=\toks25
\enit@inbox=\box95
\enit@count@id=\count277
\enitdp@description=\count278
) (/usr/share/texlive/texmf-dist/tex/latex/parskip/parskip.sty
Package: parskip 2020-01-22 v2.0d non-zero parskip adjustments
 (/usr/share/texlive/texmf-dist/tex/latex/kvoptions/kvoptions.sty
Package: kvoptions 2019/11/29 v3.13 Key value format for package options (HO)
 (/usr/share/texlive/texmf-dist/tex/generic/ltxcmds/ltxcmds.sty
Package: ltxcmds 2019/12/15 v1.24 LaTeX kernel commands for general use (HO)
) (/usr/share/texlive/texmf-dist/tex/generic/kvsetkeys/kvsetkeys.sty
Package: kvsetkeys 2019/12/15 v1.18 Key value parser (HO)
)) (/usr/share/texlive/texmf-dist/tex/latex/etoolbox/etoolbox.sty
Package: etoolbox 2019/09/21 v2.5h e-TeX tools for LaTeX (JAW)
\etb@tempcnta=\count279
)) (/usr/share/texlive/texmf-dist/tex/latex/xcolor/xcolor.sty
Package: xcolor 2016/05/11 v2.12 LaTeX color extensions (UK)
 (/usr/share/texlive/texmf-dist/tex/latex/graphics-cfg/color.cfg
File: color.cfg 2016/01/02 v1.6 sample color configuration
)
Package xcolor Info: Driver file: pdftex.def on input line 225.
Package xcolor Info: Model `cmy' substituted by `cmy0' on input line 1348.
Package xcolor Info: Model `hsb' substituted by `rgb' on input line 1352.
Package xcolor Info: Model `RGB' extended on input line 1364.
Package xcolor Info: Model `HTML' substituted by `rgb' on input line 1366.
Package xcolor Info: Model `Hsb' substituted by `hsb' on input line 1367.
Package xcolor Info: Model `tHsb' substituted by `hsb' on input line 1368.
Package xcolor Info: Model `HSB' substituted by `hsb' on input line 1369.
Package xcolor Info: Model `Gray' substituted by `gray' on input line 1370.
Package xcolor Info: Model `wave' substituted by `hsb' on input line 1371.
 (/usr/share/texlive/texmf-dist/tex/latex/graphics/dvipsnam.def
File: dvipsnam.def 2016/06/17 v3.0m Driver-dependent file (DPC,SPQR)
)) (/usr/share/texlive/texmf-dist/tex/generic/ulem/ulem.sty
\UL@box=\box96
\UL@hyphenbox=\box97
\UL@skip=\skip103
\UL@hook=\toks26
\UL@height=\dimen173
\UL@pe=\count280
\UL@pixel=\dimen174
\ULC@box=\box98
Package: ulem 2019/11/18
\ULdepth=\dimen175
) (/usr/share/texlive/texmf-dist/tex/latex/listings/lstlang1.sty
File: lstlang1.sty 2019/09/10 1.8c listings language file
) (/usr/share/texlive/texmf-dist/tex/latex/listings/lstlang1.sty
File: lstlang1.sty 2019/09/10 1.8c listings language file
) (/usr/share/texlive/texmf-dist/tex/latex/listings/lstmisc.sty
File: lstmisc.sty 2019/09/10 1.8c (Carsten Heinz)
)) (/usr/share/texlive/texmf-dist/tex/latex/l3backend/l3backend-pdfmode.def
File: l3backend-pdfmode.def 2020-02-03 L3 backend support: PDF mode
\l__kernel_color_stack_int=\count281
\l__pdf_internal_box=\box99
) (./kactl.aux)
\openout1 = `kactl.aux'.

LaTeX Font Info:    Checking defaults for OML/cmm/m/it on input line 8.
LaTeX Font Info:    ... okay on input line 8.
LaTeX Font Info:    Checking defaults for OMS/cmsy/m/n on input line 8.
LaTeX Font Info:    ... okay on input line 8.
LaTeX Font Info:    Checking defaults for OT1/cmr/m/n on input line 8.
LaTeX Font Info:    ... okay on input line 8.
LaTeX Font Info:    Checking defaults for T1/cmr/m/n on input line 8.
LaTeX Font Info:    ... okay on input line 8.
LaTeX Font Info:    Checking defaults for TS1/cmr/m/n on input line 8.
LaTeX Font Info:    ... okay on input line 8.
LaTeX Font Info:    Checking defaults for OMX/cmex/m/n on input line 8.
LaTeX Font Info:    ... okay on input line 8.
LaTeX Font Info:    Checking defaults for U/cmr/m/n on input line 8.
LaTeX Font Info:    ... okay on input line 8.
\c@lstlisting=\count282

*geometry* driver: auto-detecting
*geometry* detected driver: pdftex
*geometry* verbose mode - [ preamble ] result:
* driver: pdftex
* paper: a4paper
* layout: <same size as paper>
* layoutoffset:(h,v)=(0.0pt,0.0pt)
* modes: landscape 
* h-part:(L,W,R)=(14.22636pt, 816.59412pt, 14.22636pt)
* v-part:(T,H,B)=(28.45274pt, 557.67421pt, 11.38092pt)
* \paperwidth=845.04684pt
* \paperheight=597.50787pt
* \textwidth=816.59412pt
* \textheight=557.67421pt
* \oddsidemargin=-58.04362pt
* \evensidemargin=-58.04362pt
* \topmargin=-80.81725pt
* \headheight=25.0pt
* \headsep=5.0pt
* \topskip=10.0pt
* \footskip=30.0pt
* \marginparwidth=57.0pt
* \marginparsep=11.0pt
* \columnsep=10.0pt
* \skip\footins=9.0pt plus 4.0pt minus 2.0pt
* \hoffset=0.0pt
* \voffset=0.0pt
* \mag=1000
* \@twocolumnfalse
* \@twosidefalse
* \@mparswitchfalse
* \@reversemarginfalse
* (1in=72.27pt=25.4mm, 1cm=28.453pt)

(/usr/share/texlive/texmf-dist/tex/context/base/mkii/supp-pdf.mkii
[Loading MPS to PDF converter (version 2006.09.02).]
\scratchcounter=\count283
\scratchdimen=\dimen176
\scratchbox=\box100
\nofMPsegments=\count284
\nofMParguments=\count285
\everyMPshowfont=\toks27
\MPscratchCnt=\count286
\MPscratchDim=\dimen177
\MPnumerator=\count287
\makeMPintoPDFobject=\count288
\everyMPtoPDFconversion=\toks28
) (/usr/share/texlive/texmf-dist/tex/latex/epstopdf-pkg/epstopdf-base.sty
Package: epstopdf-base 2020-01-24 v2.11 Base part for package epstopdf
Package epstopdf-base Info: Redefining graphics rule for `.eps' on input line 485.
 (/usr/share/texlive/texmf-dist/tex/latex/latexconfig/epstopdf-sys.cfg
File: epstopdf-sys.cfg 2010/07/13 v1.3 Configuration of (r)epstopdf for TeX Live
))
<avengers.png, id=1, 1927.2pt x 1084.05pt>
File: avengers.png Graphic file (type png)
<use avengers.png>
Package pdftex.def Info: avengers.png  used on input line 9.
(pdftex.def)             Requested size: 170.71652pt x 96.02194pt.
 [1

{/var/lib/texmf/fonts/map/pdftex/updmap/pdftex.map} <./avengers.png>] (../content/contest/chapter.tex
Chapter 1.
LaTeX Font Info:    Trying to load font information for U+msa on input line 1.
(/usr/share/texlive/texmf-dist/tex/latex/amsfonts/umsa.fd
File: umsa.fd 2013/01/14 v3.01 AMS symbols A
)
LaTeX Font Info:    Trying to load font information for U+msb on input line 1.
 (/usr/share/texlive/texmf-dist/tex/latex/amsfonts/umsb.fd
File: umsb.fd 2013/01/14 v3.01 AMS symbols B
)
\c@ttl@toc@chapters=\count289
runsystem(rm -f kactl.tmp)...executed.

runsystem(python2 kactlprocessor.py -i "../content/contest/templateMatei.txt" -o kactl.tmp -l rawcpp)...executed.

 (./kactl.tmp
LaTeX Font Info:    Trying to load font information for OT1+pcr on input line 4.
 (/usr/share/texlive/texmf-dist/tex/latex/psnfss/ot1pcr.fd
File: ot1pcr.fd 2001/06/04 font definitions for OT1/pcr.
))
runsystem(rm -f kactl.tmp)...executed.

runsystem(python2 kactlprocessor.py -i "../content/contest/gen.py" -o kactl.tmp -l raw)...executed.

 (./kactl.tmp)
runsystem(rm -f kactl.tmp)...executed.

runsystem(python2 kactlprocessor.py -i "../content/contest/stresstest.sh" -o kactl.tmp -l sh)...executed.

 (./kactl.tmp (/usr/share/texlive/texmf-dist/tex/latex/listings/lstlang1.sty
File: lstlang1.sty 2019/09/10 1.8c listings language file
) (/usr/share/texlive/texmf-dist/tex/latex/listings/lstlang1.sty
File: lstlang1.sty 2019/09/10 1.8c listings language file
)
LaTeX Font Info:    Trying to load font information for OML+cmr on input line 10.
 (/usr/share/texlive/texmf-dist/tex/latex/base/omlcmr.fd
File: omlcmr.fd 2019/12/16 v2.5j Standard LaTeX font definitions
)
LaTeX Font Info:    Font shape `OML/cmr/m/it' in size <7> not available
(Font)              Font shape `OML/cmm/m/it' tried instead on input line 10.
LaTeX Font Info:    Trying to load font information for TS1+pcr on input line 23.
 (/usr/share/texlive/texmf-dist/tex/latex/psnfss/ts1pcr.fd
File: ts1pcr.fd 2001/06/04 font definitions for TS1/pcr.
))) (../content/math/chapter.tex
Chapter 2.
[1

]
<../content/math/sphericalCoordinates.pdf, id=24, 42.67899pt x 42.67899pt>
File: ../content/math/sphericalCoordinates.pdf Graphic file (type pdf)
<use ../content/math/sphericalCoordinates.pdf>
Package pdftex.def Info: ../content/math/sphericalCoordinates.pdf  used on input line 63.
(pdftex.def)             Requested size: 71.13188pt x 71.14337pt.
 [2 <../content/math/sphericalCoordinates.pdf>]) (../content/data-structures/chapter.tex
Chapter 3.
runsystem(rm -f kactl.tmp)...executed.

runsystem(python2 kactlprocessor.py -i "../content/data-structures/binomialHeap.cpp" -o kactl.tmp )...executed.

(./kactl.tmp [3])
runsystem(rm -f kactl.tmp)...executed.

runsystem(python2 kactlprocessor.py -i "../content/data-structures/convexhulltrick.cpp" -o kactl.tmp )...executed.

 (./kactl.tmp)
runsystem(rm -f kactl.tmp)...executed.

runsystem(python2 kactlprocessor.py -i "../content/data-structures/ConvexTree.h" -o kactl.tmp )...executed.

 (./kactl.tmp [4])
runsystem(rm -f kactl.tmp)...executed.

runsystem(python2 kactlprocessor.py -i "../content/data-structures/dynamicCHT.cpp" -o kactl.tmp )...executed.

 (./kactl.tmp)
runsystem(rm -f kactl.tmp)...executed.

runsystem(python2 kactlprocessor.py -i "../content/data-structures/FenwickTree2d.h" -o kactl.tmp )...executed.

 (./kactl.tmp)
runsystem(rm -f kactl.tmp)...executed.

runsystem(python2 kactlprocessor.py -i "../content/data-structures/implicitTreapsMaxValeriu.cpp" -o kactl.tmp )...executed.

 (./kactl.tmp [5])
runsystem(rm -f kactl.tmp)...executed.

runsystem(python2 kactlprocessor.py -i "../content/data-structures/LazySegmentTree.h" -o kactl.tmp )...executed.

 (./kactl.tmp)
runsystem(rm -f kactl.tmp)...executed.

runsystem(python2 kactlprocessor.py -i "../content/data-structures/LineContainer.h" -o kactl.tmp )...executed.

 (./kactl.tmp)
runsystem(rm -f kactl.tmp)...executed.

runsystem(python2 kactlprocessor.py -i "../content/data-structures/pairingHeap.cpp" -o kactl.tmp )...executed.

 (./kactl.tmp [6])
runsystem(rm -f kactl.tmp)...executed.

runsystem(python2 kactlprocessor.py -i "../content/data-structures/RMQ.h" -o kactl.tmp )...executed.

 (./kactl.tmp)
runsystem(rm -f kactl.tmp)...executed.

runsystem(python2 kactlprocessor.py -i "../content/data-structures/slopeTrick.cpp" -o kactl.tmp )...executed.

 (./kactl.tmp)
runsystem(rm -f kactl.tmp)...executed.

runsystem(python2 kactlprocessor.py -i "../content/data-structures/Treap.h" -o kactl.tmp )...executed.

 (./kactl.tmp [7])
runsystem(rm -f kactl.tmp)...executed.

runsystem(python2 kactlprocessor.py -i "../content/data-structures/UnionFind.h" -o kactl.tmp )...executed.

 (./kactl.tmp)
runsystem(rm -f kactl.tmp)...executed.

runsystem(python2 kactlprocessor.py -i "../content/data-structures/queueDSU.cpp" -o kactl.tmp )...executed.

 (./kactl.tmp [8])
runsystem(rm -f kactl.tmp)...executed.

runsystem(python2 kactlprocessor.py -i "../content/data-structures/dynamicConnectivity.cpp" -o kactl.tmp )...executed.

 (./kactl.tmp
LaTeX Font Info:    Trying to load font information for OMS+cmr on input line 86.
 (/usr/share/texlive/texmf-dist/tex/latex/base/omscmr.fd
File: omscmr.fd 2019/12/16 v2.5j Standard LaTeX font definitions
)
LaTeX Font Info:    Font shape `OMS/cmr/m/it' in size <7> not available
(Font)              Font shape `OMS/cmsy/m/n' tried instead on input line 86.
)) (../content/numerical/chapter.tex
Chapter 4.
runsystem(rm -f kactl.tmp)...executed.

runsystem(python2 kactlprocessor.py -i "../content/numerical/BerlekampMassey.h" -o kactl.tmp )...executed.

(./kactl.tmp
LaTeX Font Info:    Trying to load font information for OMS+pcr on input line 12.
 (/usr/share/texlive/texmf-dist/tex/latex/psnfss/omspcr.fd
File: omspcr.fd 
)
LaTeX Font Info:    Font shape `OMS/pcr/m/n' in size <7> not available
(Font)              Font shape `OMS/cmsy/m/n' tried instead on input line 12.
 [9])
runsystem(rm -f kactl.tmp)...executed.

runsystem(python2 kactlprocessor.py -i "../content/numerical/Polynomial.h" -o kactl.tmp )...executed.

 (./kactl.tmp)
runsystem(rm -f kactl.tmp)...executed.

runsystem(python2 kactlprocessor.py -i "../content/numerical/PolyRoots.h" -o kactl.tmp )...executed.

 (./kactl.tmp)
runsystem(rm -f kactl.tmp)...executed.

runsystem(python2 kactlprocessor.py -i "../content/numerical/PolyInterpolate.h" -o kactl.tmp )...executed.

 (./kactl.tmp)
runsystem(rm -f kactl.tmp)...executed.

runsystem(python2 kactlprocessor.py -i "../content/numerical/LinearRecurrence.h" -o kactl.tmp )...executed.

 (./kactl.tmp

Package kactlpkg Warning:  LinearRecurrence.h : Unknown command: Tested.  on input line 1.

[10])
runsystem(rm -f kactl.tmp)...executed.

runsystem(python2 kactlprocessor.py -i "../content/numerical/FFT.h" -o kactl.tmp )...executed.

 (./kactl.tmp)
runsystem(rm -f kactl.tmp)...executed.

runsystem(python2 kactlprocessor.py -i "../content/numerical/FST.h" -o kactl.tmp )...executed.

 (./kactl.tmp)
runsystem(rm -f kactl.tmp)...executed.

runsystem(python2 kactlprocessor.py -i "../content/numerical/Integrate.h" -o kactl.tmp )...executed.

 (./kactl.tmp)
runsystem(rm -f kactl.tmp)...executed.

runsystem(python2 kactlprocessor.py -i "../content/numerical/Determinant.h" -o kactl.tmp )...executed.

 (./kactl.tmp [11])
runsystem(rm -f kactl.tmp)...executed.

runsystem(python2 kactlprocessor.py -i "../content/numerical/IntDeterminant.h" -o kactl.tmp )...executed.

 (./kactl.tmp)
runsystem(rm -f kactl.tmp)...executed.

runsystem(python2 kactlprocessor.py -i "../content/numerical/SolveLinearBinary.h" -o kactl.tmp )...executed.

 (./kactl.tmp)
runsystem(rm -f kactl.tmp)...executed.

runsystem(python2 kactlprocessor.py -i "../content/numerical/MatrixInverse.h" -o kactl.tmp )...executed.

 (./kactl.tmp)
runsystem(rm -f kactl.tmp)...executed.

runsystem(python2 kactlprocessor.py -i "../content/numerical/MatrixInverse-mod.h" -o kactl.tmp )...executed.

 (./kactl.tmp)
runsystem(rm -f kactl.tmp)...executed.

runsystem(python2 kactlprocessor.py -i "../content/numerical/Tridiagonal.h" -o kactl.tmp )...executed.

 (./kactl.tmp)) (../content/number-theory/chapter.tex
Chapter 5.
[12]
runsystem(rm -f kactl.tmp)...executed.

runsystem(python2 kactlprocessor.py -i "../content/number-theory/mathValeriu.h" -o kactl.tmp )...executed.

 (./kactl.tmp)
runsystem(rm -f kactl.tmp)...executed.

runsystem(python2 kactlprocessor.py -i "../content/number-theory/sieve.cpp" -o kactl.tmp )...executed.

 (./kactl.tmp)
runsystem(rm -f kactl.tmp)...executed.

runsystem(python2 kactlprocessor.py -i "../content/number-theory/ModMulLL.h" -o kactl.tmp )...executed.

 (./kactl.tmp)
runsystem(rm -f kactl.tmp)...executed.

runsystem(python2 kactlprocessor.py -i "../content/number-theory/ModSqrt.h" -o kactl.tmp )...executed.

 (./kactl.tmp [13])
runsystem(rm -f kactl.tmp)...executed.

runsystem(python2 kactlprocessor.py -i "../content/number-theory/NTT.h" -o kactl.tmp )...executed.

 (./kactl.tmp)
runsystem(rm -f kactl.tmp)...executed.

runsystem(python2 kactlprocessor.py -i "../content/number-theory/fftValeriu.h" -o kactl.tmp )...executed.

 (./kactl.tmp [14])
runsystem(rm -f kactl.tmp)...executed.

runsystem(python2 kactlprocessor.py -i "../content/number-theory/MillerRabin.h" -o kactl.tmp )...executed.

 (./kactl.tmp)
runsystem(rm -f kactl.tmp)...executed.

runsystem(python2 kactlprocessor.py -i "../content/number-theory/factor.h" -o kactl.tmp )...executed.

 (./kactl.tmp [15])
runsystem(rm -f kactl.tmp)...executed.

runsystem(python2 kactlprocessor.py -i "../content/number-theory/gauss.cpp" -o kactl.tmp )...executed.

 (./kactl.tmp)
runsystem(rm -f kactl.tmp)...executed.

runsystem(python2 kactlprocessor.py -i "../content/number-theory/modMatrix.cpp" -o kactl.tmp )...executed.

 (./kactl.tmp)
runsystem(rm -f kactl.tmp)...executed.

runsystem(python2 kactlprocessor.py -i "../content/number-theory/euclid.h" -o kactl.tmp )...executed.

 (./kactl.tmp)
runsystem(rm -f kactl.tmp)...executed.

runsystem(python2 kactlprocessor.py -i "../content/number-theory/phiFunction.h" -o kactl.tmp )...executed.

 (./kactl.tmp [16])
runsystem(rm -f kactl.tmp)...executed.

runsystem(python2 kactlprocessor.py -i "../content/number-theory/CRT.h" -o kactl.tmp )...executed.

 (./kactl.tmp)) (../content/combinatorial/chapter.tex
Chapter 6.

Overfull \hbox (6.88965pt too wide) detected at line 12
\OML/cmm/m/it/10 D\OT1/cmr/m/n/10 (\OML/cmm/m/it/10 n\OT1/cmr/m/n/10 ) = (\OML/cmm/m/it/10 n \OMS/cmsy/m/n/10 ^^@ \OT1/cmr/m/n/10 1)(\OML/cmm/m/it/10 D\OT1/cmr/m/n/10 (\OML/cmm/m/it/10 n \OMS/cmsy/m/n/10 ^^@ \OT1/cmr/m/n/10 1) + \OML/cmm/m/it/10 D\OT1/cmr/m/n/10 (\OML/cmm/m/it/10 n \OMS/cmsy/m/n/10 ^^@ \OT1/cmr/m/n/10 2)) = \OML/cmm/m/it/10 nD\OT1/cmr/m/n/10 (\OML/cmm/m/it/10 n \OMS/cmsy/m/n/10 ^^@ \OT1/cmr/m/n/10 1) + (\OMS/cmsy/m/n/10 ^^@\OT1/cmr/m/n/10 1)[] = []
 []

runsystem(rm -f kactl.tmp)...executed.

runsystem(python2 kactlprocessor.py -i "../content/combinatorial/derangements.h" -o kactl.tmp )...executed.

(./kactl.tmp) [17] [18]) (../content/graph/chapter.tex
Chapter 7.
runsystem(rm -f kactl.tmp)...executed.

runsystem(python2 kactlprocessor.py -i "../content/graph/TopoSort.h" -o kactl.tmp )...executed.

(./kactl.tmp)
runsystem(rm -f kactl.tmp)...executed.

runsystem(python2 kactlprocessor.py -i "../content/graph/EulerWalk.h" -o kactl.tmp )...executed.

 (./kactl.tmp [19])
runsystem(rm -f kactl.tmp)...executed.

runsystem(python2 kactlprocessor.py -i "../content/graph/Dinic.h" -o kactl.tmp )...executed.

 (./kactl.tmp)
runsystem(rm -f kactl.tmp)...executed.

runsystem(python2 kactlprocessor.py -i "../content/graph/flowWithLowerBound.cpp" -o kactl.tmp )...executed.

 (./kactl.tmp)
runsystem(rm -f kactl.tmp)...executed.

runsystem(python2 kactlprocessor.py -i "../content/graph/edmonsblossomValeriu.h" -o kactl.tmp )...executed.

 (./kactl.tmp [20])
runsystem(rm -f kactl.tmp)...executed.

runsystem(python2 kactlprocessor.py -i "../content/graph/MinCostMaxFlow.h" -o kactl.tmp )...executed.

 (./kactl.tmp)
runsystem(rm -f kactl.tmp)...executed.

runsystem(python2 kactlprocessor.py -i "../content/graph/MinCut.h" -o kactl.tmp )...executed.

 (./kactl.tmp)
runsystem(rm -f kactl.tmp)...executed.

runsystem(python2 kactlprocessor.py -i "../content/graph/GlobalMinCut.h" -o kactl.tmp )...executed.

 (./kactl.tmp)
runsystem(rm -f kactl.tmp)...executed.

runsystem(python2 kactlprocessor.py -i "../content/graph/GomoryHu.h" -o kactl.tmp )...executed.

 (./kactl.tmp)
runsystem(rm -f kactl.tmp)...executed.

runsystem(python2 kactlprocessor.py -i "../content/graph/matching.cpp" -o kactl.tmp )...executed.

 (./kactl.tmp [21])
runsystem(rm -f kactl.tmp)...executed.

runsystem(python2 kactlprocessor.py -i "../content/graph/WeightedMatching.h" -o kactl.tmp )...executed.

 (./kactl.tmp)
runsystem(rm -f kactl.tmp)...executed.

runsystem(python2 kactlprocessor.py -i "../content/graph/Hungarian.cpp" -o kactl.tmp )...executed.

 (./kactl.tmp)
runsystem(rm -f kactl.tmp)...executed.

runsystem(python2 kactlprocessor.py -i "../content/graph/SCC.h" -o kactl.tmp )...executed.

 (./kactl.tmp [22])
runsystem(rm -f kactl.tmp)...executed.

runsystem(python2 kactlprocessor.py -i "../content/graph/BiconnectedComponents.h" -o kactl.tmp )...executed.

 (./kactl.tmp)
runsystem(rm -f kactl.tmp)...executed.

runsystem(python2 kactlprocessor.py -i "../content/graph/2sat.h" -o kactl.tmp )...executed.

 (./kactl.tmp)
runsystem(rm -f kactl.tmp)...executed.

runsystem(python2 kactlprocessor.py -i "../content/graph/TreePower.h" -o kactl.tmp )...executed.

 (./kactl.tmp)
runsystem(rm -f kactl.tmp)...executed.

runsystem(python2 kactlprocessor.py -i "../content/graph/centroid.cpp" -o kactl.tmp )...executed.

 (./kactl.tmp [23])
runsystem(rm -f kactl.tmp)...executed.

runsystem(python2 kactlprocessor.py -i "../content/graph/CompressTree.h" -o kactl.tmp )...executed.

 (./kactl.tmp)
runsystem(rm -f kactl.tmp)...executed.

runsystem(python2 kactlprocessor.py -i "../content/graph/HLD.h" -o kactl.tmp )...executed.

 (./kactl.tmp)
runsystem(rm -f kactl.tmp)...executed.

runsystem(python2 kactlprocessor.py -i "../content/graph/LinkCutTree.h" -o kactl.tmp )...executed.

 (./kactl.tmp [24])
runsystem(rm -f kactl.tmp)...executed.

runsystem(python2 kactlprocessor.py -i "../content/graph/MatrixTree.h" -o kactl.tmp )...executed.

 (./kactl.tmp)) (../content/geometry/chapter.tex
Chapter 8.
runsystem(rm -f kactl.tmp)...executed.

runsystem(python2 kactlprocessor.py -i "../content/geometry/Point.h" -o kactl.tmp )...executed.

(./kactl.tmp)
runsystem(rm -f kactl.tmp)...executed.

runsystem(python2 kactlprocessor.py -i "../content/geometry/lineDistance.h" -o kactl.tmp )...executed.

 (./kactl.tmp
<../content/geometry/LineDistance.pdf, id=273, 42.67899pt x 42.67899pt>
File: ../content/geometry/LineDistance.pdf Graphic file (type pdf)
<use ../content/geometry/LineDistance.pdf>
Package pdftex.def Info: ../content/geometry/LineDistance.pdf  used on input line 12.
(pdftex.def)             Requested size: 42.67912pt x 42.68211pt.
)
runsystem(rm -f kactl.tmp)...executed.

runsystem(python2 kactlprocessor.py -i "../content/geometry/SegmentDistance.h" -o kactl.tmp )...executed.

 (./kactl.tmp
<../content/geometry/SegmentDistance.pdf, id=274, 42.67899pt x 42.67899pt>
File: ../content/geometry/SegmentDistance.pdf Graphic file (type pdf)
<use ../content/geometry/SegmentDistance.pdf>
Package pdftex.def Info: ../content/geometry/SegmentDistance.pdf  used on input line 15.
(pdftex.def)             Requested size: 42.67912pt x 42.68211pt.
)
runsystem(rm -f kactl.tmp)...executed.

runsystem(python2 kactlprocessor.py -i "../content/geometry/SegmentIntersection.h" -o kactl.tmp )...executed.

 (./kactl.tmp
<../content/geometry/SegmentIntersection.pdf, id=275, 42.67899pt x 42.67899pt>
File: ../content/geometry/SegmentIntersection.pdf Graphic file (type pdf)
<use ../content/geometry/SegmentIntersection.pdf>
Package pdftex.def Info: ../content/geometry/SegmentIntersection.pdf  used on input line 19.
(pdftex.def)             Requested size: 42.67912pt x 42.68211pt.
)
runsystem(rm -f kactl.tmp)...executed.

runsystem(python2 kactlprocessor.py -i "../content/geometry/SegmentIntersectionQ.h" -o kactl.tmp )...executed.

 (./kactl.tmp)
runsystem(rm -f kactl.tmp)...executed.

runsystem(python2 kactlprocessor.py -i "../content/geometry/LineIntersectionCheck.h" -o kactl.tmp )...executed.

 (./kactl.tmp)
runsystem(rm -f kactl.tmp)...executed.

runsystem(python2 kactlprocessor.py -i "../content/geometry/lineIntersection.h" -o kactl.tmp )...executed.

 (./kactl.tmp
<../content/geometry/lineIntersection.pdf, id=276, 42.67899pt x 42.67899pt>
File: ../content/geometry/lineIntersection.pdf Graphic file (type pdf)
<use ../content/geometry/lineIntersection.pdf>
Package pdftex.def Info: ../content/geometry/lineIntersection.pdf  used on input line 15.
(pdftex.def)             Requested size: 42.67912pt x 42.68211pt.
)
runsystem(rm -f kactl.tmp)...executed.

runsystem(python2 kactlprocessor.py -i "../content/geometry/onSegment.h" -o kactl.tmp )...executed.

 (./kactl.tmp)
runsystem(rm -f kactl.tmp)...executed.

runsystem(python2 kactlprocessor.py -i "../content/geometry/linearTransformation.h" -o kactl.tmp )...executed.

 (./kactl.tmp [25 <../content/geometry/LineDistance.pdf> <../content/geometry/SegmentDistance.pdf> <../content/geometry/SegmentIntersection.pdf> <../content/geometry/lineIntersection.pdf>]
<../content/geometry/LinearTransformation.pdf, id=413, 42.67899pt x 42.67899pt>
File: ../content/geometry/LinearTransformation.pdf Graphic file (type pdf)
<use ../content/geometry/LinearTransformation.pdf>
Package pdftex.def Info: ../content/geometry/LinearTransformation.pdf  used on input line 14.
(pdftex.def)             Requested size: 42.67912pt x 42.68211pt.
)
runsystem(rm -f kactl.tmp)...executed.

runsystem(python2 kactlprocessor.py -i "../content/geometry/Angle.h" -o kactl.tmp )...executed.

 (./kactl.tmp
Underfull \hbox (badness 10000) in paragraph at lines 10--10
\OMS/cmsy/m/n/7 g \OT1/pcr/m/n/7 // sweeps j such that (j-i) represents the number of
 []

)
runsystem(rm -f kactl.tmp)...executed.

runsystem(python2 kactlprocessor.py -i "../content/geometry/Caliper.h" -o kactl.tmp )...executed.

 (./kactl.tmp)
runsystem(rm -f kactl.tmp)...executed.

runsystem(python2 kactlprocessor.py -i "../content/geometry/Circle.h" -o kactl.tmp )...executed.

 (./kactl.tmp)
runsystem(rm -f kactl.tmp)...executed.

runsystem(python2 kactlprocessor.py -i "../content/geometry/CircleIntersection.h" -o kactl.tmp )...executed.

 (./kactl.tmp)
runsystem(rm -f kactl.tmp)...executed.

runsystem(python2 kactlprocessor.py -i "../content/geometry/circleTangents.h" -o kactl.tmp )...executed.

 (./kactl.tmp
<../content/geometry/CircleTangents.pdf, id=414, 42.67899pt x 42.67899pt>
File: ../content/geometry/CircleTangents.pdf Graphic file (type pdf)
<use ../content/geometry/CircleTangents.pdf>
Package pdftex.def Info: ../content/geometry/CircleTangents.pdf  used on input line 13.
(pdftex.def)             Requested size: 42.67912pt x 42.68211pt.
)
runsystem(rm -f kactl.tmp)...executed.

runsystem(python2 kactlprocessor.py -i "../content/geometry/circumcircle.h" -o kactl.tmp )...executed.

 (./kactl.tmp
<../content/geometry/Circumcircle.pdf, id=415, 42.67899pt x 42.67899pt>
File: ../content/geometry/Circumcircle.pdf Graphic file (type pdf)
<use ../content/geometry/Circumcircle.pdf>
Package pdftex.def Info: ../content/geometry/Circumcircle.pdf  used on input line 13.
(pdftex.def)             Requested size: 42.67912pt x 42.68211pt.
)
runsystem(rm -f kactl.tmp)...executed.

runsystem(python2 kactlprocessor.py -i "../content/geometry/MinimumEnclosingCircle.h" -o kactl.tmp )...executed.

 (./kactl.tmp)
runsystem(rm -f kactl.tmp)...executed.

runsystem(python2 kactlprocessor.py -i "../content/geometry/insidePolygon.h" -o kactl.tmp )...executed.

 (./kactl.tmp [26 <../content/geometry/LinearTransformation.pdf> <../content/geometry/CircleTangents.pdf> <../content/geometry/Circumcircle.pdf>])
runsystem(rm -f kactl.tmp)...executed.

runsystem(python2 kactlprocessor.py -i "../content/geometry/InsidePolygonMulti.h" -o kactl.tmp )...executed.

 (./kactl.tmp)
runsystem(rm -f kactl.tmp)...executed.

runsystem(python2 kactlprocessor.py -i "../content/geometry/PolygonArea.h" -o kactl.tmp )...executed.

 (./kactl.tmp)
runsystem(rm -f kactl.tmp)...executed.

runsystem(python2 kactlprocessor.py -i "../content/geometry/PolygonCenter.h" -o kactl.tmp )...executed.

 (./kactl.tmp)
runsystem(rm -f kactl.tmp)...executed.

runsystem(python2 kactlprocessor.py -i "../content/geometry/PolygonCut.h" -o kactl.tmp )...executed.

 (./kactl.tmp
<../content/geometry/PolygonCut.pdf, id=517, 42.67899pt x 42.67899pt>
File: ../content/geometry/PolygonCut.pdf Graphic file (type pdf)
<use ../content/geometry/PolygonCut.pdf>
Package pdftex.def Info: ../content/geometry/PolygonCut.pdf  used on input line 16.
(pdftex.def)             Requested size: 42.67912pt x 42.68211pt.
)
runsystem(rm -f kactl.tmp)...executed.

runsystem(python2 kactlprocessor.py -i "../content/geometry/Voronoi.h" -o kactl.tmp )...executed.

 (./kactl.tmp)
runsystem(rm -f kactl.tmp)...executed.

runsystem(python2 kactlprocessor.py -i "../content/geometry/PolygonDiameter.h" -o kactl.tmp )...executed.

 (./kactl.tmp)
runsystem(rm -f kactl.tmp)...executed.

runsystem(python2 kactlprocessor.py -i "../content/geometry/PointInsideHull.h" -o kactl.tmp )...executed.

 (./kactl.tmp [27 <../content/geometry/PolygonCut.pdf>])
runsystem(rm -f kactl.tmp)...executed.

runsystem(python2 kactlprocessor.py -i "../content/geometry/LineHullIntersection.h" -o kactl.tmp )...executed.

 (./kactl.tmp)
runsystem(rm -f kactl.tmp)...executed.

runsystem(python2 kactlprocessor.py -i "../content/geometry/HalfplaneSet.h" -o kactl.tmp )...executed.

 (./kactl.tmp

Package kactlpkg Warning:  HalfplaneSet.h : Unknown command: NOTE.  on input line 1.

)
runsystem(rm -f kactl.tmp)...executed.

runsystem(python2 kactlprocessor.py -i "../content/geometry/hullCorect.cpp" -o kactl.tmp )...executed.

 (./kactl.tmp [28])
runsystem(rm -f kactl.tmp)...executed.

runsystem(python2 kactlprocessor.py -i "../content/geometry/closestPair.h" -o kactl.tmp )...executed.

 (./kactl.tmp)
runsystem(rm -f kactl.tmp)...executed.

runsystem(python2 kactlprocessor.py -i "../content/geometry/kdTree.h" -o kactl.tmp )...executed.

 (./kactl.tmp)
runsystem(rm -f kactl.tmp)...executed.

runsystem(python2 kactlprocessor.py -i "../content/geometry/DelaunayTriangulation.h" -o kactl.tmp )...executed.

 (./kactl.tmp)
runsystem(rm -f kactl.tmp)...executed.

runsystem(python2 kactlprocessor.py -i "../content/geometry/PolyhedronVolume.h" -o kactl.tmp )...executed.

 (./kactl.tmp)
runsystem(rm -f kactl.tmp)...executed.

runsystem(python2 kactlprocessor.py -i "../content/geometry/Point3D.h" -o kactl.tmp )...executed.

 (./kactl.tmp)
runsystem(rm -f kactl.tmp)...executed.

runsystem(python2 kactlprocessor.py -i "../content/geometry/3dHull.h" -o kactl.tmp )...executed.

 (./kactl.tmp [29])
runsystem(rm -f kactl.tmp)...executed.

runsystem(python2 kactlprocessor.py -i "../content/geometry/sphericalDistance.h" -o kactl.tmp )...executed.

 (./kactl.tmp)) (../content/strings/chapter.tex
Chapter 9.
runsystem(rm -f kactl.tmp)...executed.

runsystem(python2 kactlprocessor.py -i "../content/strings/KMP.h" -o kactl.tmp )...executed.

(./kactl.tmp)
runsystem(rm -f kactl.tmp)...executed.

runsystem(python2 kactlprocessor.py -i "../content/strings/ZFunction.h" -o kactl.tmp )...executed.

 (./kactl.tmp)
runsystem(rm -f kactl.tmp)...executed.

runsystem(python2 kactlprocessor.py -i "../content/strings/Manacher.h" -o kactl.tmp )...executed.

 (./kactl.tmp)
runsystem(rm -f kactl.tmp)...executed.

runsystem(python2 kactlprocessor.py -i "../content/strings/MinRotation.h" -o kactl.tmp )...executed.

 (./kactl.tmp)
runsystem(rm -f kactl.tmp)...executed.

runsystem(python2 kactlprocessor.py -i "../content/strings/SuffixAutomaton.h" -o kactl.tmp )...executed.

 (./kactl.tmp)
runsystem(rm -f kactl.tmp)...executed.

runsystem(python2 kactlprocessor.py -i "../content/strings/SuffixArray.h" -o kactl.tmp )...executed.

 (./kactl.tmp [30])
runsystem(rm -f kactl.tmp)...executed.

runsystem(python2 kactlprocessor.py -i "../content/strings/AhoCorasickBicsi.h" -o kactl.tmp )...executed.

 (./kactl.tmp)
runsystem(rm -f kactl.tmp)...executed.

runsystem(python2 kactlprocessor.py -i "../content/strings/SuffixTree.h" -o kactl.tmp )...executed.

 (./kactl.tmp)) (../content/various/chapter.tex
Chapter 10.
runsystem(rm -f kactl.tmp)...executed.

runsystem(python2 kactlprocessor.py -i "../content/various/IntervalContainer.h" -o kactl.tmp )...executed.

(./kactl.tmp)
runsystem(rm -f kactl.tmp)...executed.

runsystem(python2 kactlprocessor.py -i "../content/various/IntervalCover.h" -o kactl.tmp )...executed.

 (./kactl.tmp [31])
runsystem(rm -f kactl.tmp)...executed.

runsystem(python2 kactlprocessor.py -i "../content/various/TernarySearch.h" -o kactl.tmp )...executed.

 (./kactl.tmp
Underfull \hbox (badness 10000) in paragraph at lines 9--9
\OT1/cmr/bx/n/7 Usage:  \OT1/pcr/m/n/7 int ind = TernarySearch(0,n-1,[&](int i)\OMS/cmsy/m/n/7 f\OT1/pcr/m/n/7 return
 []

)
runsystem(rm -f kactl.tmp)...executed.

runsystem(python2 kactlprocessor.py -i "../content/various/Karatsuba.h" -o kactl.tmp )...executed.

 (./kactl.tmp)
runsystem(rm -f kactl.tmp)...executed.

runsystem(python2 kactlprocessor.py -i "../content/various/LIS.h" -o kactl.tmp )...executed.

 (./kactl.tmp)
runsystem(rm -f kactl.tmp)...executed.

runsystem(python2 kactlprocessor.py -i "../content/various/DivideAndConquerDP.h" -o kactl.tmp )...executed.

 (./kactl.tmp)
runsystem(rm -f kactl.tmp)...executed.

runsystem(python2 kactlprocessor.py -i "../content/various/KnuthDP.h" -o kactl.tmp )...executed.

 (./kactl.tmp
Underfull \hbox (badness 10000) in paragraph at lines 13--13

 []

)
LaTeX Font Info:    Font shape `OMS/pcr/m/n' in size <10> not available
(Font)              Font shape `OMS/cmsy/m/n' tried instead on input line 18.
runsystem(rm -f kactl.tmp)...executed.

runsystem(python2 kactlprocessor.py -i "../content/various/rand.cpp" -o kactl.tmp )...executed.

 (./kactl.tmp)) [32] (../content/appendix/chapter.tex
Chapter A.
runsystem(rm -f kactl.tmp)...executed.

runsystem(python2 kactlprocessor.py -i "../content/appendix/techniques.txt" -o kactl.tmp -l raw)...executed.

(./kactl.tmp)) [33]
\tf@ptc=\write3
\openout3 = `kactl.ptc'.

 (./kactl.aux) ) 
Here is how much of TeX's memory you used:
 10274 strings out of 483183
 135867 string characters out of 5966292
 1214867 words of memory out of 5000000
 24873 multiletter control sequences out of 15000+600000
 541781 words of font info for 60 fonts, out of 8000000 for 9000
 14 hyphenation exceptions out of 8191
 42i,12n,64p,814b,1984s stack positions out of 5000i,500n,10000p,200000b,80000s
 </home/vlad/.texlive2019/texmf-var/fonts/pk/ljfour/jknappen/ec/tcrm0700.600pk> </home/vlad/.texlive2019/texmf-var/fonts/pk/ljfour/jknappen/ec/tcrm1000.600pk> </home/vlad/.texlive2019/texmf-var/fonts/pk/ljfour/jknappen/ec/tcti0700.600pk>{/usr/share/texlive/texmf-dist/fonts/enc/dvips/base/8r.enc}</usr/share/texlive/texmf-dist/fonts/type1/public/amsfonts/cm/cmbx10.pfb></usr/share/texlive/texmf-dist/fonts/type1/public/amsfonts/cm/cmbx12.pfb></usr/share/texlive/texmf-dist/fonts/type1/public/amsfonts/cm/cmbx7.pfb></usr/share/texlive/texmf-dist/fonts/type1/public/amsfonts/cm/cmex10.pfb></usr/share/texlive/texmf-dist/fonts/type1/public/amsfonts/cmextra/cmex7.pfb></usr/share/texlive/texmf-dist/fonts/type1/public/amsfonts/cm/cmmi10.pfb></usr/share/texlive/texmf-dist/fonts/type1/public/amsfonts/cm/cmmi5.pfb></usr/share/texlive/texmf-dist/fonts/type1/public/amsfonts/cm/cmmi7.pfb></usr/share/texlive/texmf-dist/fonts/type1/public/amsfonts/cm/cmr10.pfb></usr/share/texlive/texmf-dist/fonts/type1/public/amsfonts/cm/cmr12.pfb></usr/share/texlive/texmf-dist/fonts/type1/public/amsfonts/cm/cmr17.pfb></usr/share/texlive/texmf-dist/fonts/type1/public/amsfonts/cm/cmr5.pfb></usr/share/texlive/texmf-dist/fonts/type1/public/amsfonts/cm/cmr7.pfb></usr/share/texlive/texmf-dist/fonts/type1/public/amsfonts/cm/cmsy10.pfb></usr/share/texlive/texmf-dist/fonts/type1/public/amsfonts/cm/cmsy5.pfb></usr/share/texlive/texmf-dist/fonts/type1/public/amsfonts/cm/cmsy7.pfb></usr/share/texlive/texmf-dist/fonts/type1/public/amsfonts/cm/cmti10.pfb></usr/share/texlive/texmf-dist/fonts/type1/public/amsfonts/cm/cmti7.pfb></usr/share/texlive/texmf-dist/fonts/type1/public/amsfonts/symbols/msbm10.pfb></usr/share/texlive/texmf-dist/fonts/type1/public/amsfonts/symbols/msbm7.pfb></usr/share/texlive/texmf-dist/fonts/type1/urw/courier/ucrb8a.pfb></usr/share/texlive/texmf-dist/fonts/type1/urw/courier/ucrr8a.pfb>
Output written on kactl.pdf (34 pages, 2885095 bytes).
PDF statistics:
 657 PDF objects out of 1000 (max. 8388607)
 426 compressed objects within 5 object streams
 0 named destinations out of 1000 (max. 500000)
 51 words of extra memory for PDF output out of 10000 (max. 10000000)

